
============================================================
Program for calculation of partial differential equations.  
============================================================
(c) Dr. Thomas Ludwig, TU München.
    Thomas A. Zochler, TU München.
    Andreas C. Schmidt, TU München.
============================================================
Berechnungszeit:    0.067310 s 
Executed float ops: 82.591744 MFlop
Speed:              1227.035270 MFlop/s
Memory footprint:   0.081314 MiB
Mem thp (read):     292.548005 MiB/s
Mem thp (write):    73.137001 MiB/s
Mem thp (total):    365.685007 MiB/s
Berechnungsmethode: Jacobi
Interlines:         8
Stoerfunktion:      f(x,y)=2pi^2*sin(pi*x)sin(pi*y)
Terminierung:       Anzahl der Iterationen
Anzahl Iterationen: 1024
Norm des Fehlers:   3.593720e-04
Matrix:
 0.0000 0.0000 0.0000 0.0000 0.0000 0.0000 0.0000 0.0000 0.0000
 0.0000 0.0912 0.1686 0.2202 0.2384 0.2202 0.1686 0.0912 0.0000
 0.0000 0.1686 0.3115 0.4070 0.4405 0.4070 0.3115 0.1686 0.0000

============================================================
Program for calculation of partial differential equations.  
============================================================
(c) Dr. Thomas Ludwig, TU München.
    Thomas A. Zochler, TU München.
    Andreas C. Schmidt, TU München.
============================================================
Berechnungszeit:    0.045029 s 
Executed float ops: 82.591744 MFlop
Speed:              1834.190055 MFlop/s
Memory footprint:   0.081314 MiB
Mem thp (read):     437.304987 MiB/s
Mem thp (write):    109.326247 MiB/s
Mem thp (total):    546.631233 MiB/s
Berechnungsmethode: Jacobi
Interlines:         8
Stoerfunktion:      f(x,y)=2pi^2*sin(pi*x)sin(pi*y)
Terminierung:       Anzahl der Iterationen
Anzahl Iterationen: 1024
Norm des Fehlers:   3.593720e-04
Matrix:
 0.0000 0.0000 0.0000 0.0000 0.0000 0.0000 0.0000 0.0000 0.0000
 0.0000 0.0912 0.1686 0.2202 0.2384 0.2202 0.1686 0.0912 0.0000
 0.0000 0.1686 0.3115 0.4070 0.4405 0.4070 0.3115 0.1686 0.0000
 0.0000 0.2202 0.4070 0.5317 0.5755 0.5317 0.4070 0.2202 0.0000
 0.0000 0.2384 0.4405 0.5755 0.6229 0.5755 0.4405 0.2384 0.0000
 0.0000 0.2202 0.4070 0.5317 0.5755 0.5317 0.4070 0.2202 0.0000
 0.0000 0.1686 0.3115 0.4070 0.4405 0.4070 0.3115 0.1686 0.0000
 0.0000 0.0912 0.1686 0.2202 0.2384 0.2202 0.1686 0.0912 0.0000
 0.0000 0.0000 0.0000 0.0000 0.0000 0.0000 0.0000 0.0000 0.0000

============================================================
Program for calculation of partial differential equations.  
============================================================
(c) Dr. Thomas Ludwig, TU München.
    Thomas A. Zochler, TU München.
    Andreas C. Schmidt, TU München.
============================================================
Berechnungszeit:    0.055384 s 
Executed float ops: 82.591744 MFlop
Speed:              1491.256392 MFlop/s
Memory footprint:   0.081314 MiB
Mem thp (read):     355.543230 MiB/s
Mem thp (write):    88.885807 MiB/s
Mem thp (total):    444.429037 MiB/s
Berechnungsmethode: Jacobi
Interlines:         8
Stoerfunktion:      f(x,y)=2pi^2*sin(pi*x)sin(pi*y)
Terminierung:       Anzahl der Iterationen
Anzahl Iterationen: 1024
Norm des Fehlers:   3.593720e-04
Matrix:
 0.0000 0.0000 0.0000 0.0000 0.0000 0.0000 0.0000 0.0000 0.0000
 0.0000 0.0912 0.1686 0.2202 0.2384 0.2202 0.1686 0.0912 0.0000
 0.0000 0.1686 0.3115 0.4070 0.4405 0.4070 0.3115 0.1686 0.0000
 0.0000 0.2202 0.4070 0.5317 0.5755 0.5317 0.4070 0.2202 0.0000
 0.0000 0.2384 0.4405 0.5755 0.6229 0.5755 0.4405 0.2384 0.0000
 0.0000 0.2202 0.4070 0.5317 0.5755 0.5317 0.4070 0.2202 0.0000
 0.0000 0.1686 0.3115 0.4070 0.4405 0.4070 0.3115 0.1686 0.0000
 0.0000 0.0912 0.1686 0.2202 0.2384 0.2202 0.1686 0.0912 0.0000
 0.0000 0.0000 0.0000 0.0000 0.0000 0.0000 0.0000 0.0000 0.0000
 0.0000 0.2202 0.4070 0.5317 0.5755 0.5317 0.4070 0.2202 0.0000
 0.0000 0.2384 0.4405 0.5755 0.6229 0.5755 0.4405 0.2384 0.0000
 0.0000 0.2202 0.4070 0.5317 0.5755 0.5317 0.4070 0.2202 0.0000
 0.0000 0.1686 0.3115 0.4070 0.4405 0.4070 0.3115 0.1686 0.0000
 0.0000 0.0912 0.1686 0.2202 0.2384 0.2202 0.1686 0.0912 0.0000
 0.0000 0.0000 0.0000 0.0000 0.0000 0.0000 0.0000 0.0000 0.0000
